[Mon Apr 03 13:04:09.020933 2023] [ssl:warn] [pid 18768:tid 416] AH01909: www.example.com:443:0 server certificate does NOT include an ID which matches the server name
[Mon Apr 03 13:04:09.091949 2023] [ssl:warn] [pid 18768:tid 416] AH01909: www.example.com:443:0 server certificate does NOT include an ID which matches the server name
[Mon Apr 03 13:04:09.130958 2023] [mpm_winnt:notice] [pid 18768:tid 416] AH00455: Apache/2.4.54 (Win64) OpenSSL/1.1.1p PHP/8.2.0 configured -- resuming normal operations
[Mon Apr 03 13:04:09.131958 2023] [mpm_winnt:notice] [pid 18768:tid 416] AH00456: Apache Lounge VS16 Server built: Jun 22 2022 09:58:15
[Mon Apr 03 13:04:09.131958 2023] [core:notice] [pid 18768:tid 416] AH00094: Command line: 'D:\\xampp\\apache\\bin\\httpd.exe -d D:/xampp/apache'
[Mon Apr 03 13:04:09.134959 2023] [mpm_winnt:notice] [pid 18768:tid 416] AH00418: Parent: Created child process 11328
[Mon Apr 03 13:04:09.710089 2023] [ssl:warn] [pid 11328:tid 432] AH01909: www.example.com:443:0 server certificate does NOT include an ID which matches the server name
[Mon Apr 03 13:04:10.029160 2023] [ssl:warn] [pid 11328:tid 432] AH01909: www.example.com:443:0 server certificate does NOT include an ID which matches the server name
[Mon Apr 03 13:04:10.066169 2023] [mpm_winnt:notice] [pid 11328:tid 432] AH00354: Child: Starting 150 worker threads.
[Mon Apr 03 13:05:03.275996 2023] [ssl:warn] [pid 8316:tid 460] AH01909: www.example.com:443:0 server certificate does NOT include an ID which matches the server name
[Mon Apr 03 13:05:03.418028 2023] [ssl:warn] [pid 8316:tid 460] AH01909: www.example.com:443:0 server certificate does NOT include an ID which matches the server name
[Mon Apr 03 13:05:03.454036 2023] [mpm_winnt:notice] [pid 8316:tid 460] AH00455: Apache/2.4.54 (Win64) OpenSSL/1.1.1p PHP/8.2.0 configured -- resuming normal operations
[Mon Apr 03 13:05:03.454036 2023] [mpm_winnt:notice] [pid 8316:tid 460] AH00456: Apache Lounge VS16 Server built: Jun 22 2022 09:58:15
[Mon Apr 03 13:05:03.454036 2023] [core:notice] [pid 8316:tid 460] AH00094: Command line: 'd:\\xampp\\apache\\bin\\httpd.exe -d D:/xampp/apache'
[Mon Apr 03 13:05:03.458037 2023] [mpm_winnt:notice] [pid 8316:tid 460] AH00418: Parent: Created child process 5668
[Mon Apr 03 13:05:03.843124 2023] [ssl:warn] [pid 5668:tid 448] AH01909: www.example.com:443:0 server certificate does NOT include an ID which matches the server name
[Mon Apr 03 13:05:03.950147 2023] [ssl:warn] [pid 5668:tid 448] AH01909: www.example.com:443:0 server certificate does NOT include an ID which matches the server name
[Mon Apr 03 13:05:03.991157 2023] [mpm_winnt:notice] [pid 5668:tid 448] AH00354: Child: Starting 150 worker threads.
[Mon Apr 03 13:26:58.037858 2023] [ssl:warn] [pid 30424:tid 436] AH01909: www.example.com:443:0 server certificate does NOT include an ID which matches the server name
[Mon Apr 03 13:26:58.140880 2023] [core:warn] [pid 30424:tid 436] AH00098: pid file D:/xampp/apache/logs/httpd.pid overwritten -- Unclean shutdown of previous Apache run?
[Mon Apr 03 13:26:58.142881 2023] [ssl:warn] [pid 30424:tid 436] AH01909: www.example.com:443:0 server certificate does NOT include an ID which matches the server name
[Mon Apr 03 13:26:58.176889 2023] [mpm_winnt:notice] [pid 30424:tid 436] AH00455: Apache/2.4.54 (Win64) OpenSSL/1.1.1p PHP/8.2.0 configured -- resuming normal operations
[Mon Apr 03 13:26:58.176889 2023] [mpm_winnt:notice] [pid 30424:tid 436] AH00456: Apache Lounge VS16 Server built: Jun 22 2022 09:58:15
[Mon Apr 03 13:26:58.176889 2023] [core:notice] [pid 30424:tid 436] AH00094: Command line: 'd:\\xampp\\apache\\bin\\httpd.exe -d D:/xampp/apache'
[Mon Apr 03 13:26:58.180890 2023] [mpm_winnt:notice] [pid 30424:tid 436] AH00418: Parent: Created child process 36248
[Mon Apr 03 13:26:58.559975 2023] [ssl:warn] [pid 36248:tid 444] AH01909: www.example.com:443:0 server certificate does NOT include an ID which matches the server name
[Mon Apr 03 13:26:58.658998 2023] [ssl:warn] [pid 36248:tid 444] AH01909: www.example.com:443:0 server certificate does NOT include an ID which matches the server name
[Mon Apr 03 13:26:58.695006 2023] [mpm_winnt:notice] [pid 36248:tid 444] AH00354: Child: Starting 150 worker threads.
[Mon Apr 03 13:31:37.095625 2023] [php:error] [pid 36248:tid 1828] [client ::1:51329] script 'D:/xampp/htdocs/dashboard/index.php' not found or unable to stat
[Mon Apr 03 13:33:20.445199 2023] [ssl:warn] [pid 22112:tid 476] AH01909: www.example.com:443:0 server certificate does NOT include an ID which matches the server name
[Mon Apr 03 13:33:20.548223 2023] [core:warn] [pid 22112:tid 476] AH00098: pid file D:/xampp/apache/logs/httpd.pid overwritten -- Unclean shutdown of previous Apache run?
[Mon Apr 03 13:33:20.550223 2023] [ssl:warn] [pid 22112:tid 476] AH01909: www.example.com:443:0 server certificate does NOT include an ID which matches the server name
[Mon Apr 03 13:33:20.585230 2023] [mpm_winnt:notice] [pid 22112:tid 476] AH00455: Apache/2.4.54 (Win64) OpenSSL/1.1.1p PHP/8.2.0 configured -- resuming normal operations
[Mon Apr 03 13:33:20.585230 2023] [mpm_winnt:notice] [pid 22112:tid 476] AH00456: Apache Lounge VS16 Server built: Jun 22 2022 09:58:15
[Mon Apr 03 13:33:20.585230 2023] [core:notice] [pid 22112:tid 476] AH00094: Command line: 'd:\\xampp\\apache\\bin\\httpd.exe -d D:/xampp/apache'
[Mon Apr 03 13:33:20.589231 2023] [mpm_winnt:notice] [pid 22112:tid 476] AH00418: Parent: Created child process 38060
[Mon Apr 03 13:33:20.974318 2023] [ssl:warn] [pid 38060:tid 440] AH01909: www.example.com:443:0 server certificate does NOT include an ID which matches the server name
[Mon Apr 03 13:33:21.082343 2023] [ssl:warn] [pid 38060:tid 440] AH01909: www.example.com:443:0 server certificate does NOT include an ID which matches the server name
[Mon Apr 03 13:33:21.120350 2023] [mpm_winnt:notice] [pid 38060:tid 440] AH00354: Child: Starting 150 worker threads.
[Mon Apr 03 13:48:04.022413 2023] [php:error] [pid 38060:tid 1860] [client ::1:51888] PHP Parse error:  syntax error, unexpected token "<", expecting end of file in D:\\xampp\\htdocs\\Demo1\\session_demo2.php on line 22, referer: https://localhost/Demo1/
[Mon Apr 03 13:53:57.507724 2023] [php:error] [pid 38060:tid 1864] [client ::1:52113] PHP Parse error:  syntax error, unexpected identifier "is", expecting "," or ";" in D:\\xampp\\htdocs\\loginDemo\\index.php on line 14, referer: https://localhost/
[Mon Apr 03 13:54:40.214351 2023] [php:error] [pid 38060:tid 1860] [client ::1:52148] PHP Parse error:  syntax error, unexpected identifier "is", expecting "," or ";" in D:\\xampp\\htdocs\\loginDemo\\index.php on line 14, referer: https://localhost/
[Mon Apr 03 13:54:44.744373 2023] [php:error] [pid 38060:tid 1860] [client ::1:52148] PHP Parse error:  syntax error, unexpected identifier "is", expecting "," or ";" in D:\\xampp\\htdocs\\loginDemo\\index.php on line 14, referer: https://localhost/
[Mon Apr 03 14:07:50.282065 2023] [php:error] [pid 38060:tid 1860] [client ::1:65265] PHP Fatal error:  Uncaught Error: Undefined constant "\xe2\x80\x9croot\xe2\x80\x9d" in D:\\xampp\\htdocs\\databaseDemo\\connect.php:3\nStack trace:\n#0 {main}\n  thrown in D:\\xampp\\htdocs\\databaseDemo\\connect.php on line 3, referer: https://localhost/databaseDemo/
[Mon Apr 03 14:10:23.809464 2023] [php:error] [pid 38060:tid 1860] [client ::1:55518] PHP Fatal error:  Uncaught Error: Undefined constant "\xe2\x80\x98connect" in D:\\xampp\\htdocs\\databaseDemo\\createDB.php:2\nStack trace:\n#0 {main}\n  thrown in D:\\xampp\\htdocs\\databaseDemo\\createDB.php on line 2, referer: https://localhost/databaseDemo/
[Mon Apr 03 14:10:49.498255 2023] [php:error] [pid 38060:tid 1860] [client ::1:55538] PHP Fatal error:  Uncaught mysqli_sql_exception: Can't create database 'mydb'; database exists in D:\\xampp\\htdocs\\databaseDemo\\createDB.php:5\nStack trace:\n#0 D:\\xampp\\htdocs\\databaseDemo\\createDB.php(5): mysqli_query(Object(mysqli), 'CREATE DATABASE...')\n#1 {main}\n  thrown in D:\\xampp\\htdocs\\databaseDemo\\createDB.php on line 5, referer: https://localhost/databaseDemo/
[Mon Apr 03 14:13:55.217824 2023] [php:error] [pid 38060:tid 1864] [client ::1:55666] PHP Fatal error:  Uncaught mysqli_sql_exception: Table 'mystudents' already exists in D:\\xampp\\htdocs\\databaseDemo\\createTBL.php:18\nStack trace:\n#0 D:\\xampp\\htdocs\\databaseDemo\\createTBL.php(18): mysqli->query('CREATE TABLE my...')\n#1 {main}\n  thrown in D:\\xampp\\htdocs\\databaseDemo\\createTBL.php on line 18, referer: https://localhost/databaseDemo/
[Mon Apr 03 14:15:10.824099 2023] [php:error] [pid 38060:tid 1844] [client ::1:55728] PHP Fatal error:  Uncaught Error: Undefined constant "\xe2\x80\x98connect" in D:\\xampp\\htdocs\\databaseDemo\\fillTBL.php:2\nStack trace:\n#0 {main}\n  thrown in D:\\xampp\\htdocs\\databaseDemo\\fillTBL.php on line 2, referer: https://localhost/databaseDemo/
[Mon Apr 03 14:15:21.202440 2023] [php:error] [pid 38060:tid 1860] [client ::1:55736] PHP Fatal error:  Uncaught Error: Undefined constant "\xe2\x80\x98connect" in D:\\xampp\\htdocs\\databaseDemo\\fillTBL.php:2\nStack trace:\n#0 {main}\n  thrown in D:\\xampp\\htdocs\\databaseDemo\\fillTBL.php on line 2, referer: https://localhost/databaseDemo/
[Mon Apr 03 14:15:22.856813 2023] [php:error] [pid 38060:tid 1860] [client ::1:55736] PHP Fatal error:  Uncaught Error: Undefined constant "\xe2\x80\x98connect" in D:\\xampp\\htdocs\\databaseDemo\\fillTBL.php:2\nStack trace:\n#0 {main}\n  thrown in D:\\xampp\\htdocs\\databaseDemo\\fillTBL.php on line 2, referer: https://localhost/databaseDemo/
[Mon Apr 03 14:15:26.694678 2023] [php:error] [pid 38060:tid 1860] [client ::1:55736] PHP Fatal error:  Uncaught Error: Undefined constant "\xe2\x80\x9cmyDB\xe2\x80\x9d" in D:\\xampp\\htdocs\\databaseDemo\\fillTBL.php:3\nStack trace:\n#0 {main}\n  thrown in D:\\xampp\\htdocs\\databaseDemo\\fillTBL.php on line 3, referer: https://localhost/databaseDemo/
[Mon Apr 03 14:16:01.791236 2023] [php:error] [pid 38060:tid 1844] [client ::1:55760] PHP Fatal error:  Uncaught mysqli_sql_exception: No database selected in D:\\xampp\\htdocs\\databaseDemo\\fillTBL.php:8\nStack trace:\n#0 D:\\xampp\\htdocs\\databaseDemo\\fillTBL.php(8): mysqli_multi_query(Object(mysqli), 'INSERT INTO myS...')\n#1 {main}\n  thrown in D:\\xampp\\htdocs\\databaseDemo\\fillTBL.php on line 8, referer: https://localhost/databaseDemo/
[Mon Apr 03 14:16:28.760322 2023] [php:error] [pid 38060:tid 1860] [client ::1:55778] PHP Fatal error:  Uncaught mysqli_sql_exception: No database selected in D:\\xampp\\htdocs\\databaseDemo\\fillTBL.php:8\nStack trace:\n#0 D:\\xampp\\htdocs\\databaseDemo\\fillTBL.php(8): mysqli_multi_query(Object(mysqli), 'INSERT INTO myS...')\n#1 {main}\n  thrown in D:\\xampp\\htdocs\\databaseDemo\\fillTBL.php on line 8, referer: https://localhost/databaseDemo/
[Mon Apr 03 14:16:54.542135 2023] [php:error] [pid 38060:tid 1844] [client ::1:55798] PHP Fatal error:  Uncaught mysqli_sql_exception: No database selected in D:\\xampp\\htdocs\\databaseDemo\\fillTBL.php:8\nStack trace:\n#0 D:\\xampp\\htdocs\\databaseDemo\\fillTBL.php(8): mysqli_multi_query(Object(mysqli), 'INSERT INTO myS...')\n#1 {main}\n  thrown in D:\\xampp\\htdocs\\databaseDemo\\fillTBL.php on line 8, referer: https://localhost/databaseDemo/
[Mon Apr 03 14:16:55.087258 2023] [php:error] [pid 38060:tid 1844] [client ::1:55798] PHP Fatal error:  Uncaught mysqli_sql_exception: No database selected in D:\\xampp\\htdocs\\databaseDemo\\fillTBL.php:8\nStack trace:\n#0 D:\\xampp\\htdocs\\databaseDemo\\fillTBL.php(8): mysqli_multi_query(Object(mysqli), 'INSERT INTO myS...')\n#1 {main}\n  thrown in D:\\xampp\\htdocs\\databaseDemo\\fillTBL.php on line 8, referer: https://localhost/databaseDemo/
[Mon Apr 03 14:16:56.885664 2023] [php:error] [pid 38060:tid 1844] [client ::1:55798] PHP Fatal error:  Uncaught mysqli_sql_exception: No database selected in D:\\xampp\\htdocs\\databaseDemo\\fillTBL.php:8\nStack trace:\n#0 D:\\xampp\\htdocs\\databaseDemo\\fillTBL.php(8): mysqli_multi_query(Object(mysqli), 'INSERT INTO myS...')\n#1 {main}\n  thrown in D:\\xampp\\htdocs\\databaseDemo\\fillTBL.php on line 8, referer: https://localhost/databaseDemo/
[Mon Apr 03 14:17:29.096445 2023] [php:error] [pid 38060:tid 1844] [client ::1:55820] PHP Fatal error:  Uncaught mysqli_sql_exception: No database selected in D:\\xampp\\htdocs\\databaseDemo\\fillTBL.php:8\nStack trace:\n#0 D:\\xampp\\htdocs\\databaseDemo\\fillTBL.php(8): mysqli_multi_query(Object(mysqli), 'INSERT INTO mys...')\n#1 {main}\n  thrown in D:\\xampp\\htdocs\\databaseDemo\\fillTBL.php on line 8, referer: https://localhost/databaseDemo/
[Mon Apr 03 14:18:19.650856 2023] [php:error] [pid 38060:tid 1860] [client ::1:55854] PHP Fatal error:  Uncaught mysqli_sql_exception: No database selected in D:\\xampp\\htdocs\\databaseDemo\\fillTBL.php:8\nStack trace:\n#0 D:\\xampp\\htdocs\\databaseDemo\\fillTBL.php(8): mysqli_multi_query(Object(mysqli), 'INSERT INTO myS...')\n#1 {main}\n  thrown in D:\\xampp\\htdocs\\databaseDemo\\fillTBL.php on line 8, referer: https://localhost/databaseDemo/
[Mon Apr 03 14:20:12.994229 2023] [php:error] [pid 38060:tid 1844] [client ::1:55958] PHP Fatal error:  Uncaught mysqli_sql_exception: No database selected in D:\\xampp\\htdocs\\databaseDemo\\fillTBL.php:8\nStack trace:\n#0 D:\\xampp\\htdocs\\databaseDemo\\fillTBL.php(8): mysqli_multi_query(Object(mysqli), 'INSERT INTO myS...')\n#1 {main}\n  thrown in D:\\xampp\\htdocs\\databaseDemo\\fillTBL.php on line 8, referer: https://localhost/databaseDemo/
[Mon Apr 03 14:20:15.305751 2023] [php:error] [pid 38060:tid 1844] [client ::1:55958] PHP Fatal error:  Uncaught mysqli_sql_exception: Table 'mystudents' already exists in D:\\xampp\\htdocs\\databaseDemo\\createTBL.php:18\nStack trace:\n#0 D:\\xampp\\htdocs\\databaseDemo\\createTBL.php(18): mysqli->query('CREATE TABLE my...')\n#1 {main}\n  thrown in D:\\xampp\\htdocs\\databaseDemo\\createTBL.php on line 18, referer: https://localhost/databaseDemo/
[Mon Apr 03 14:20:17.707292 2023] [php:error] [pid 38060:tid 1844] [client ::1:55958] PHP Fatal error:  Uncaught mysqli_sql_exception: No database selected in D:\\xampp\\htdocs\\databaseDemo\\fillTBL.php:8\nStack trace:\n#0 D:\\xampp\\htdocs\\databaseDemo\\fillTBL.php(8): mysqli_multi_query(Object(mysqli), 'INSERT INTO myS...')\n#1 {main}\n  thrown in D:\\xampp\\htdocs\\databaseDemo\\fillTBL.php on line 8, referer: https://localhost/databaseDemo/
[Mon Apr 03 14:21:21.577197 2023] [php:error] [pid 38060:tid 1844] [client ::1:56002] PHP Fatal error:  Uncaught mysqli_sql_exception: Table 'mystudents' already exists in D:\\xampp\\htdocs\\databaseDemo\\createTBL.php:18\nStack trace:\n#0 D:\\xampp\\htdocs\\databaseDemo\\createTBL.php(18): mysqli->query('CREATE TABLE my...')\n#1 {main}\n  thrown in D:\\xampp\\htdocs\\databaseDemo\\createTBL.php on line 18, referer: https://localhost/databaseDemo/
[Mon Apr 03 14:21:25.414061 2023] [php:error] [pid 38060:tid 1844] [client ::1:56002] PHP Fatal error:  Uncaught mysqli_sql_exception: Table 'mystudents' already exists in D:\\xampp\\htdocs\\databaseDemo\\createTBL.php:18\nStack trace:\n#0 D:\\xampp\\htdocs\\databaseDemo\\createTBL.php(18): mysqli->query('CREATE TABLE my...')\n#1 {main}\n  thrown in D:\\xampp\\htdocs\\databaseDemo\\createTBL.php on line 18, referer: https://localhost/databaseDemo/
[Mon Apr 03 14:22:09.351277 2023] [php:error] [pid 38060:tid 1852] [client ::1:56029] PHP Fatal error:  Uncaught mysqli_sql_exception: No database selected in D:\\xampp\\htdocs\\databaseDemo\\fillTBL.php:8\nStack trace:\n#0 D:\\xampp\\htdocs\\databaseDemo\\fillTBL.php(8): mysqli_multi_query(Object(mysqli), 'INSERT INTO myS...')\n#1 {main}\n  thrown in D:\\xampp\\htdocs\\databaseDemo\\fillTBL.php on line 8, referer: https://localhost/databaseDemo/
[Mon Apr 03 14:26:43.286838 2023] [php:error] [pid 38060:tid 1860] [client ::1:56227] PHP Fatal error:  Uncaught mysqli_sql_exception: Duplicate entry '123' for key 'PRIMARY' in D:\\xampp\\htdocs\\databaseDemo\\fillTBL.php:8\nStack trace:\n#0 D:\\xampp\\htdocs\\databaseDemo\\fillTBL.php(8): mysqli_multi_query(Object(mysqli), 'INSERT INTO myS...')\n#1 {main}\n  thrown in D:\\xampp\\htdocs\\databaseDemo\\fillTBL.php on line 8, referer: https://localhost/databaseDemo/
[Mon Apr 03 14:30:44.381461 2023] [php:error] [pid 38060:tid 1876] [client ::1:56448] script 'D:/xampp/htdocs/databaseDemo/tableOutput.php' not found or unable to stat, referer: https://localhost/databaseDemo/
