[03/Apr/2023:13:27:07 -0400] ::1 TLSv1.3 TLS_AES_256_GCM_SHA384 "GET / HTTP/1.1" -
[03/Apr/2023:13:27:07 -0400] ::1 TLSv1.3 TLS_AES_256_GCM_SHA384 "GET /dashboard/ HTTP/1.1" 5186
[03/Apr/2023:13:27:07 -0400] ::1 TLSv1.3 TLS_AES_256_GCM_SHA384 "GET /dashboard/stylesheets/normalize.css HTTP/1.1" 6876
[03/Apr/2023:13:27:07 -0400] ::1 TLSv1.3 TLS_AES_256_GCM_SHA384 "GET /dashboard/stylesheets/all.css HTTP/1.1" 406998
[03/Apr/2023:13:27:07 -0400] ::1 TLSv1.3 TLS_AES_256_GCM_SHA384 "GET /dashboard/javascripts/modernizr.js HTTP/1.1" 51365
[03/Apr/2023:13:27:08 -0400] ::1 TLSv1.3 TLS_AES_256_GCM_SHA384 "GET /dashboard/javascripts/all.js HTTP/1.1" 188385
[03/Apr/2023:13:27:08 -0400] ::1 TLSv1.3 TLS_AES_256_GCM_SHA384 "GET /dashboard/images/xampp-logo.svg HTTP/1.1" 5427
[03/Apr/2023:13:27:08 -0400] ::1 TLSv1.3 TLS_AES_256_GCM_SHA384 "GET /dashboard/images/fastly-logo.png HTTP/1.1" 1770
[03/Apr/2023:13:27:08 -0400] ::1 TLSv1.3 TLS_AES_256_GCM_SHA384 "GET /dashboard/images/social-icons.png HTTP/1.1" 3361
[03/Apr/2023:13:27:08 -0400] ::1 TLSv1.3 TLS_AES_256_GCM_SHA384 "GET /dashboard/images/favicon.png HTTP/1.1" 2508
[03/Apr/2023:13:31:06 -0400] ::1 TLSv1.3 TLS_AES_256_GCM_SHA384 "GET /dashboard/ HTTP/1.1" 5186
[03/Apr/2023:13:31:06 -0400] ::1 TLSv1.3 TLS_AES_256_GCM_SHA384 "GET /dashboard/stylesheets/normalize.css HTTP/1.1" 6876
[03/Apr/2023:13:31:06 -0400] ::1 TLSv1.3 TLS_AES_256_GCM_SHA384 "GET /dashboard/stylesheets/all.css HTTP/1.1" 406998
[03/Apr/2023:13:31:06 -0400] ::1 TLSv1.3 TLS_AES_256_GCM_SHA384 "GET /dashboard/images/favicon.png HTTP/1.1" 2508
[03/Apr/2023:13:31:09 -0400] ::1 TLSv1.3 TLS_AES_256_GCM_SHA384 "GET /dashboard/ HTTP/1.1" 5186
[03/Apr/2023:13:31:09 -0400] ::1 TLSv1.3 TLS_AES_256_GCM_SHA384 "GET /dashboard/images/favicon.png HTTP/1.1" 2508
[03/Apr/2023:13:31:18 -0400] ::1 TLSv1.3 TLS_AES_256_GCM_SHA384 "GET /dashboard/ HTTP/1.1" 5186
[03/Apr/2023:13:31:18 -0400] ::1 TLSv1.3 TLS_AES_256_GCM_SHA384 "GET /dashboard/stylesheets/normalize.css HTTP/1.1" 6876
[03/Apr/2023:13:31:18 -0400] ::1 TLSv1.3 TLS_AES_256_GCM_SHA384 "GET /dashboard/stylesheets/all.css HTTP/1.1" 406998
[03/Apr/2023:13:31:18 -0400] ::1 TLSv1.3 TLS_AES_256_GCM_SHA384 "GET /dashboard/javascripts/modernizr.js HTTP/1.1" 51365
[03/Apr/2023:13:31:18 -0400] ::1 TLSv1.3 TLS_AES_256_GCM_SHA384 "GET /dashboard/javascripts/all.js HTTP/1.1" 188385
[03/Apr/2023:13:31:18 -0400] ::1 TLSv1.3 TLS_AES_256_GCM_SHA384 "GET /dashboard/images/xampp-logo.svg HTTP/1.1" 5427
[03/Apr/2023:13:31:18 -0400] ::1 TLSv1.3 TLS_AES_256_GCM_SHA384 "GET /dashboard/images/fastly-logo.png HTTP/1.1" 1770
[03/Apr/2023:13:31:18 -0400] ::1 TLSv1.3 TLS_AES_256_GCM_SHA384 "GET /dashboard/images/social-icons.png HTTP/1.1" 3361
[03/Apr/2023:13:31:25 -0400] ::1 TLSv1.3 TLS_AES_256_GCM_SHA384 "GET /dashboard/index.html HTTP/1.1" 5186
[03/Apr/2023:13:31:37 -0400] ::1 TLSv1.3 TLS_AES_256_GCM_SHA384 "GET /dashboard/index.php HTTP/1.1" 296
[03/Apr/2023:13:31:37 -0400] ::1 TLSv1.3 TLS_AES_256_GCM_SHA384 "GET /favicon.ico HTTP/1.1" 30894
[03/Apr/2023:13:31:42 -0400] ::1 TLSv1.3 TLS_AES_256_GCM_SHA384 "GET /index.php HTTP/1.1" 26
[03/Apr/2023:13:31:42 -0400] ::1 TLSv1.3 TLS_AES_256_GCM_SHA384 "GET /dashboard/ HTTP/1.1" 5186
[03/Apr/2023:13:33:10 -0400] ::1 TLSv1.3 TLS_AES_256_GCM_SHA384 "GET /dashboard/ HTTP/1.1" 5186
[03/Apr/2023:13:33:10 -0400] ::1 TLSv1.3 TLS_AES_256_GCM_SHA384 "GET /dashboard/images/favicon.png HTTP/1.1" 2508
[03/Apr/2023:13:33:25 -0400] ::1 TLSv1.3 TLS_AES_256_GCM_SHA384 "GET / HTTP/1.1" 77
[03/Apr/2023:13:33:41 -0400] ::1 TLSv1.3 TLS_AES_256_GCM_SHA384 "GET / HTTP/1.1" 27
[03/Apr/2023:13:33:41 -0400] ::1 TLSv1.3 TLS_AES_256_GCM_SHA384 "GET /favicon.ico HTTP/1.1" 30894
[03/Apr/2023:13:39:39 -0400] ::1 TLSv1.3 TLS_AES_256_GCM_SHA384 "GET / HTTP/1.1" 98
[03/Apr/2023:13:39:39 -0400] ::1 TLSv1.3 TLS_AES_256_GCM_SHA384 "GET /favicon.ico HTTP/1.1" 30894
[03/Apr/2023:13:40:41 -0400] ::1 TLSv1.3 TLS_AES_256_GCM_SHA384 "GET / HTTP/1.1" 2271
[03/Apr/2023:13:40:41 -0400] ::1 TLSv1.3 TLS_AES_256_GCM_SHA384 "GET /icons/blank.gif HTTP/1.1" 148
[03/Apr/2023:13:40:41 -0400] ::1 TLSv1.3 TLS_AES_256_GCM_SHA384 "GET /icons/folder.gif HTTP/1.1" 225
[03/Apr/2023:13:40:41 -0400] ::1 TLSv1.3 TLS_AES_256_GCM_SHA384 "GET /icons/text.gif HTTP/1.1" 229
[03/Apr/2023:13:40:41 -0400] ::1 TLSv1.3 TLS_AES_256_GCM_SHA384 "GET /icons/image2.gif HTTP/1.1" 309
[03/Apr/2023:13:40:41 -0400] ::1 TLSv1.3 TLS_AES_256_GCM_SHA384 "GET /favicon.ico HTTP/1.1" 30894
[03/Apr/2023:13:40:50 -0400] ::1 TLSv1.3 TLS_AES_256_GCM_SHA384 "GET /applications.html HTTP/1.1" 3607
[03/Apr/2023:13:40:50 -0400] ::1 TLSv1.3 TLS_AES_256_GCM_SHA384 "GET /bitnami.css HTTP/1.1" 177
[03/Apr/2023:13:40:56 -0400] ::1 TLSv1.3 TLS_AES_256_GCM_SHA384 "GET /Demo1/ HTTP/1.1" 98
[03/Apr/2023:13:42:30 -0400] ::1 TLSv1.3 TLS_AES_256_GCM_SHA384 "GET /Demo1/ HTTP/1.1" 98
[03/Apr/2023:13:42:33 -0400] ::1 TLSv1.3 TLS_AES_256_GCM_SHA384 "GET /Demo1/ HTTP/1.1" 98
[03/Apr/2023:13:42:47 -0400] ::1 TLSv1.3 TLS_AES_256_GCM_SHA384 "GET /Demo1/ HTTP/1.1" 1212
[03/Apr/2023:13:42:47 -0400] ::1 TLSv1.3 TLS_AES_256_GCM_SHA384 "GET /icons/back.gif HTTP/1.1" 216
[03/Apr/2023:13:42:47 -0400] ::1 TLSv1.3 TLS_AES_256_GCM_SHA384 "GET /favicon.ico HTTP/1.1" 30894
[03/Apr/2023:13:42:51 -0400] ::1 TLSv1.3 TLS_AES_256_GCM_SHA384 "GET /Demo1/session_demo1.php HTTP/1.1" 98
[03/Apr/2023:13:43:02 -0400] ::1 TLSv1.3 TLS_AES_256_GCM_SHA384 "GET /Demo1/ HTTP/1.1" 986
[03/Apr/2023:13:43:02 -0400] ::1 TLSv1.3 TLS_AES_256_GCM_SHA384 "GET /favicon.ico HTTP/1.1" 30894
[03/Apr/2023:13:43:09 -0400] ::1 TLSv1.3 TLS_AES_256_GCM_SHA384 "GET /Demo1/ HTTP/1.1" 986
[03/Apr/2023:13:43:10 -0400] ::1 TLSv1.3 TLS_AES_256_GCM_SHA384 "GET /Demo1/session_demo1.php HTTP/1.1" 98
[03/Apr/2023:13:45:47 -0400] ::1 TLSv1.3 TLS_AES_256_GCM_SHA384 "GET /Demo1/session_demo1.php HTTP/1.1" 98
[03/Apr/2023:13:45:47 -0400] ::1 TLSv1.3 TLS_AES_256_GCM_SHA384 "GET /favicon.ico HTTP/1.1" 30894
[03/Apr/2023:13:45:58 -0400] ::1 TLSv1.3 TLS_AES_256_GCM_SHA384 "GET / HTTP/1.1" 2271
[03/Apr/2023:13:46:02 -0400] ::1 TLSv1.3 TLS_AES_256_GCM_SHA384 "GET /Demo1/ HTTP/1.1" 1204
[03/Apr/2023:13:46:03 -0400] ::1 TLSv1.3 TLS_AES_256_GCM_SHA384 "GET /Demo1/session_demo1.php HTTP/1.1" 98
[03/Apr/2023:13:46:05 -0400] ::1 TLSv1.3 TLS_AES_256_GCM_SHA384 "GET /Demo1/session_demo2.php HTTP/1.1" 161
[03/Apr/2023:13:46:34 -0400] ::1 TLSv1.3 TLS_AES_256_GCM_SHA384 "GET /Demo1/session_demo2.php HTTP/1.1" 157
[03/Apr/2023:13:46:34 -0400] ::1 TLSv1.3 TLS_AES_256_GCM_SHA384 "GET /favicon.ico HTTP/1.1" 30894
[03/Apr/2023:13:48:04 -0400] ::1 TLSv1.3 TLS_AES_256_GCM_SHA384 "GET /Demo1/session_demo2.php HTTP/1.1" 173
[03/Apr/2023:13:48:04 -0400] ::1 TLSv1.3 TLS_AES_256_GCM_SHA384 "GET /favicon.ico HTTP/1.1" 30894
[03/Apr/2023:13:48:17 -0400] ::1 TLSv1.3 TLS_AES_256_GCM_SHA384 "GET /Demo1/session_demo2.php HTTP/1.1" 224
[03/Apr/2023:13:48:17 -0400] ::1 TLSv1.3 TLS_AES_256_GCM_SHA384 "GET /favicon.ico HTTP/1.1" 30894
[03/Apr/2023:13:48:40 -0400] ::1 TLSv1.3 TLS_AES_256_GCM_SHA384 "GET /Demo1/session_demo2.php HTTP/1.1" 230
[03/Apr/2023:13:48:40 -0400] ::1 TLSv1.3 TLS_AES_256_GCM_SHA384 "GET /favicon.ico HTTP/1.1" 30894
[03/Apr/2023:13:53:52 -0400] ::1 TLSv1.3 TLS_AES_256_GCM_SHA384 "GET /Demo1/session_demo2.php HTTP/1.1" 230
[03/Apr/2023:13:53:52 -0400] ::1 TLSv1.3 TLS_AES_256_GCM_SHA384 "GET /favicon.ico HTTP/1.1" 30894
[03/Apr/2023:13:53:55 -0400] ::1 TLSv1.3 TLS_AES_256_GCM_SHA384 "GET / HTTP/1.1" 2484
[03/Apr/2023:13:53:57 -0400] ::1 TLSv1.3 TLS_AES_256_GCM_SHA384 "GET /loginDemo/ HTTP/1.1" 191
[03/Apr/2023:13:54:40 -0400] ::1 TLSv1.3 TLS_AES_256_GCM_SHA384 "GET /loginDemo/ HTTP/1.1" 191
[03/Apr/2023:13:54:40 -0400] ::1 TLSv1.3 TLS_AES_256_GCM_SHA384 "GET /favicon.ico HTTP/1.1" 30894
[03/Apr/2023:13:54:44 -0400] ::1 TLSv1.3 TLS_AES_256_GCM_SHA384 "GET /loginDemo/ HTTP/1.1" 191
[03/Apr/2023:13:55:49 -0400] ::1 TLSv1.3 TLS_AES_256_GCM_SHA384 "GET /loginDemo/ HTTP/1.1" 285
[03/Apr/2023:13:55:49 -0400] ::1 TLSv1.3 TLS_AES_256_GCM_SHA384 "GET /favicon.ico HTTP/1.1" 30894
[03/Apr/2023:13:56:45 -0400] ::1 TLSv1.3 TLS_AES_256_GCM_SHA384 "GET /loginDemo/ HTTP/1.1" 228
[03/Apr/2023:13:56:45 -0400] ::1 TLSv1.3 TLS_AES_256_GCM_SHA384 "GET /favicon.ico HTTP/1.1" 30894
[03/Apr/2023:13:56:47 -0400] ::1 TLSv1.3 TLS_AES_256_GCM_SHA384 "GET /loginDemo/ HTTP/1.1" 228
[03/Apr/2023:13:56:47 -0400] ::1 TLSv1.3 TLS_AES_256_GCM_SHA384 "GET /favicon.ico HTTP/1.1" 30894
[03/Apr/2023:13:56:53 -0400] ::1 TLSv1.3 TLS_AES_256_GCM_SHA384 "GET /loginDemo/ HTTP/1.1" 228
[03/Apr/2023:13:57:23 -0400] ::1 TLSv1.3 TLS_AES_256_GCM_SHA384 "GET /loginDemo/ HTTP/1.1" 217
[03/Apr/2023:13:57:23 -0400] ::1 TLSv1.3 TLS_AES_256_GCM_SHA384 "GET /favicon.ico HTTP/1.1" 30894
[03/Apr/2023:13:57:23 -0400] ::1 TLSv1.3 TLS_AES_256_GCM_SHA384 "GET /loginDemo/ HTTP/1.1" 217
[03/Apr/2023:13:57:23 -0400] ::1 TLSv1.3 TLS_AES_256_GCM_SHA384 "GET /favicon.ico HTTP/1.1" 30894
[03/Apr/2023:13:57:26 -0400] ::1 TLSv1.3 TLS_AES_256_GCM_SHA384 "GET /loginDemo/ HTTP/1.1" 217
[03/Apr/2023:13:57:49 -0400] ::1 TLSv1.3 TLS_AES_256_GCM_SHA384 "GET /loginDemo/ HTTP/1.1" 217
[03/Apr/2023:13:57:49 -0400] ::1 TLSv1.3 TLS_AES_256_GCM_SHA384 "GET /favicon.ico HTTP/1.1" 30894
[03/Apr/2023:13:59:38 -0400] ::1 TLSv1.3 TLS_AES_256_GCM_SHA384 "GET /loginDemo/ HTTP/1.1" 253
[03/Apr/2023:13:59:38 -0400] ::1 TLSv1.3 TLS_AES_256_GCM_SHA384 "GET /favicon.ico HTTP/1.1" 30894
[03/Apr/2023:13:59:45 -0400] ::1 TLSv1.3 TLS_AES_256_GCM_SHA384 "POST /loginDemo/index.php HTTP/1.1" 286
[03/Apr/2023:14:01:53 -0400] ::1 TLSv1.3 TLS_AES_256_GCM_SHA384 "POST /loginDemo/index.php HTTP/1.1" 286
[03/Apr/2023:14:01:53 -0400] ::1 TLSv1.3 TLS_AES_256_GCM_SHA384 "GET /favicon.ico HTTP/1.1" 30894
[03/Apr/2023:14:01:55 -0400] ::1 TLSv1.3 TLS_AES_256_GCM_SHA384 "GET /loginDemo/ HTTP/1.1" 253
[03/Apr/2023:14:02:00 -0400] ::1 TLSv1.3 TLS_AES_256_GCM_SHA384 "GET /loginDemo/ HTTP/1.1" 253
[03/Apr/2023:14:02:30 -0400] ::1 TLSv1.3 TLS_AES_256_GCM_SHA384 "GET /loginDemo/ HTTP/1.1" 253
[03/Apr/2023:14:07:47 -0400] ::1 TLSv1.3 TLS_AES_256_GCM_SHA384 "GET / HTTP/1.1" 2700
[03/Apr/2023:14:07:47 -0400] ::1 TLSv1.3 TLS_AES_256_GCM_SHA384 "GET /favicon.ico HTTP/1.1" 30894
[03/Apr/2023:14:07:49 -0400] ::1 TLSv1.3 TLS_AES_256_GCM_SHA384 "GET /databaseDemo/ HTTP/1.1" 994
[03/Apr/2023:14:07:49 -0400] ::1 TLSv1.3 TLS_AES_256_GCM_SHA384 "GET /icons/back.gif HTTP/1.1" 216
[03/Apr/2023:14:07:50 -0400] ::1 TLSv1.3 TLS_AES_256_GCM_SHA384 "GET /databaseDemo/connect.php HTTP/1.1" 238
[03/Apr/2023:14:08:23 -0400] ::1 TLSv1.3 TLS_AES_256_GCM_SHA384 "GET /databaseDemo/connect.php HTTP/1.1" 22
[03/Apr/2023:14:08:23 -0400] ::1 TLSv1.3 TLS_AES_256_GCM_SHA384 "GET /favicon.ico HTTP/1.1" 30894
[03/Apr/2023:14:10:23 -0400] ::1 TLSv1.3 TLS_AES_256_GCM_SHA384 "GET /databaseDemo/ HTTP/1.1" 1207
[03/Apr/2023:14:10:23 -0400] ::1 TLSv1.3 TLS_AES_256_GCM_SHA384 "GET /favicon.ico HTTP/1.1" 30894
[03/Apr/2023:14:10:23 -0400] ::1 TLSv1.3 TLS_AES_256_GCM_SHA384 "GET /databaseDemo/createDB.php HTTP/1.1" 240
[03/Apr/2023:14:10:36 -0400] ::1 TLSv1.3 TLS_AES_256_GCM_SHA384 "GET /databaseDemo/createDB.php HTTP/1.1" 51
[03/Apr/2023:14:10:36 -0400] ::1 TLSv1.3 TLS_AES_256_GCM_SHA384 "GET /favicon.ico HTTP/1.1" 30894
[03/Apr/2023:14:10:49 -0400] ::1 TLSv1.3 TLS_AES_256_GCM_SHA384 "GET /databaseDemo/createDB.php HTTP/1.1" 381
[03/Apr/2023:14:10:49 -0400] ::1 TLSv1.3 TLS_AES_256_GCM_SHA384 "GET /favicon.ico HTTP/1.1" 30894
[03/Apr/2023:14:12:54 -0400] ::1 TLSv1.3 TLS_AES_256_GCM_SHA384 "GET /databaseDemo/ HTTP/1.1" 1421
[03/Apr/2023:14:12:54 -0400] ::1 TLSv1.3 TLS_AES_256_GCM_SHA384 "GET /favicon.ico HTTP/1.1" 30894
[03/Apr/2023:14:13:50 -0400] ::1 TLSv1.3 TLS_AES_256_GCM_SHA384 "GET /databaseDemo/ HTTP/1.1" 1421
[03/Apr/2023:14:13:50 -0400] ::1 TLSv1.3 TLS_AES_256_GCM_SHA384 "GET /favicon.ico HTTP/1.1" 30894
[03/Apr/2023:14:13:51 -0400] ::1 TLSv1.3 TLS_AES_256_GCM_SHA384 "GET /databaseDemo/createTBL.php HTTP/1.1" 37
[03/Apr/2023:14:13:55 -0400] ::1 TLSv1.3 TLS_AES_256_GCM_SHA384 "GET /databaseDemo/createTBL.php HTTP/1.1" 341
[03/Apr/2023:14:13:55 -0400] ::1 TLSv1.3 TLS_AES_256_GCM_SHA384 "GET /favicon.ico HTTP/1.1" 30894
[03/Apr/2023:14:15:09 -0400] ::1 TLSv1.3 TLS_AES_256_GCM_SHA384 "GET /databaseDemo/ HTTP/1.1" 1633
[03/Apr/2023:14:15:09 -0400] ::1 TLSv1.3 TLS_AES_256_GCM_SHA384 "GET /favicon.ico HTTP/1.1" 30894
[03/Apr/2023:14:15:10 -0400] ::1 TLSv1.3 TLS_AES_256_GCM_SHA384 "GET /databaseDemo/fillTBL.php HTTP/1.1" 238
[03/Apr/2023:14:15:21 -0400] ::1 TLSv1.3 TLS_AES_256_GCM_SHA384 "GET /databaseDemo/fillTBL.php HTTP/1.1" 238
[03/Apr/2023:14:15:21 -0400] ::1 TLSv1.3 TLS_AES_256_GCM_SHA384 "GET /favicon.ico HTTP/1.1" 30894
[03/Apr/2023:14:15:22 -0400] ::1 TLSv1.3 TLS_AES_256_GCM_SHA384 "GET /databaseDemo/fillTBL.php HTTP/1.1" 238
[03/Apr/2023:14:15:22 -0400] ::1 TLSv1.3 TLS_AES_256_GCM_SHA384 "GET /favicon.ico HTTP/1.1" 30894
[03/Apr/2023:14:15:26 -0400] ::1 TLSv1.3 TLS_AES_256_GCM_SHA384 "GET /databaseDemo/fillTBL.php HTTP/1.1" 260
[03/Apr/2023:14:15:26 -0400] ::1 TLSv1.3 TLS_AES_256_GCM_SHA384 "GET /favicon.ico HTTP/1.1" 30894
[03/Apr/2023:14:16:01 -0400] ::1 TLSv1.3 TLS_AES_256_GCM_SHA384 "GET /databaseDemo/fillTBL.php HTTP/1.1" 359
[03/Apr/2023:14:16:01 -0400] ::1 TLSv1.3 TLS_AES_256_GCM_SHA384 "GET /favicon.ico HTTP/1.1" 30894
[03/Apr/2023:14:16:28 -0400] ::1 TLSv1.3 TLS_AES_256_GCM_SHA384 "GET /databaseDemo/fillTBL.php HTTP/1.1" 359
[03/Apr/2023:14:16:28 -0400] ::1 TLSv1.3 TLS_AES_256_GCM_SHA384 "GET /favicon.ico HTTP/1.1" 30894
[03/Apr/2023:14:16:54 -0400] ::1 TLSv1.3 TLS_AES_256_GCM_SHA384 "GET /databaseDemo/fillTBL.php HTTP/1.1" 359
[03/Apr/2023:14:16:54 -0400] ::1 TLSv1.3 TLS_AES_256_GCM_SHA384 "GET /favicon.ico HTTP/1.1" 30894
[03/Apr/2023:14:16:55 -0400] ::1 TLSv1.3 TLS_AES_256_GCM_SHA384 "GET /databaseDemo/fillTBL.php HTTP/1.1" 359
[03/Apr/2023:14:16:55 -0400] ::1 TLSv1.3 TLS_AES_256_GCM_SHA384 "GET /favicon.ico HTTP/1.1" 30894
[03/Apr/2023:14:16:56 -0400] ::1 TLSv1.3 TLS_AES_256_GCM_SHA384 "GET /databaseDemo/fillTBL.php HTTP/1.1" 359
[03/Apr/2023:14:17:29 -0400] ::1 TLSv1.3 TLS_AES_256_GCM_SHA384 "GET /databaseDemo/fillTBL.php HTTP/1.1" 359
[03/Apr/2023:14:17:29 -0400] ::1 TLSv1.3 TLS_AES_256_GCM_SHA384 "GET /favicon.ico HTTP/1.1" 30894
[03/Apr/2023:14:18:19 -0400] ::1 TLSv1.3 TLS_AES_256_GCM_SHA384 "GET /databaseDemo/fillTBL.php HTTP/1.1" 359
[03/Apr/2023:14:18:19 -0400] ::1 TLSv1.3 TLS_AES_256_GCM_SHA384 "GET /favicon.ico HTTP/1.1" 30894
[03/Apr/2023:14:20:12 -0400] ::1 TLSv1.3 TLS_AES_256_GCM_SHA384 "GET /databaseDemo/fillTBL.php HTTP/1.1" 359
[03/Apr/2023:14:20:13 -0400] ::1 TLSv1.3 TLS_AES_256_GCM_SHA384 "GET /favicon.ico HTTP/1.1" 30894
[03/Apr/2023:14:20:15 -0400] ::1 TLSv1.3 TLS_AES_256_GCM_SHA384 "GET /databaseDemo/createTBL.php HTTP/1.1" 341
[03/Apr/2023:14:20:17 -0400] ::1 TLSv1.3 TLS_AES_256_GCM_SHA384 "GET /databaseDemo/fillTBL.php HTTP/1.1" 359
[03/Apr/2023:14:21:21 -0400] ::1 TLSv1.3 TLS_AES_256_GCM_SHA384 "GET /databaseDemo/createTBL.php HTTP/1.1" 341
[03/Apr/2023:14:21:25 -0400] ::1 TLSv1.3 TLS_AES_256_GCM_SHA384 "GET /databaseDemo/createTBL.php HTTP/1.1" 341
[03/Apr/2023:14:21:25 -0400] ::1 TLSv1.3 TLS_AES_256_GCM_SHA384 "GET /favicon.ico HTTP/1.1" 30894
[03/Apr/2023:14:22:09 -0400] ::1 TLSv1.3 TLS_AES_256_GCM_SHA384 "GET /databaseDemo/fillTBL.php HTTP/1.1" 359
[03/Apr/2023:14:26:31 -0400] ::1 TLSv1.3 TLS_AES_256_GCM_SHA384 "GET /databaseDemo/fillTBL.php HTTP/1.1" 54
[03/Apr/2023:14:26:31 -0400] ::1 TLSv1.3 TLS_AES_256_GCM_SHA384 "GET /favicon.ico HTTP/1.1" 30894
[03/Apr/2023:14:26:43 -0400] ::1 TLSv1.3 TLS_AES_256_GCM_SHA384 "GET /databaseDemo/fillTBL.php HTTP/1.1" 382
[03/Apr/2023:14:26:43 -0400] ::1 TLSv1.3 TLS_AES_256_GCM_SHA384 "GET /favicon.ico HTTP/1.1" 30894
[03/Apr/2023:14:27:20 -0400] ::1 TLSv1.3 TLS_AES_256_GCM_SHA384 "GET /databaseDemo/fillTBL.php HTTP/1.1" 58
[03/Apr/2023:14:27:20 -0400] ::1 TLSv1.3 TLS_AES_256_GCM_SHA384 "GET /favicon.ico HTTP/1.1" 30894
[03/Apr/2023:14:28:41 -0400] ::1 TLSv1.3 TLS_AES_256_GCM_SHA384 "GET /databaseDemo/fillTBL.php HTTP/1.1" 58
[03/Apr/2023:14:28:41 -0400] ::1 TLSv1.3 TLS_AES_256_GCM_SHA384 "GET /favicon.ico HTTP/1.1" 30894
[03/Apr/2023:14:29:49 -0400] ::1 TLSv1.3 TLS_AES_256_GCM_SHA384 "GET /databaseDemo/ HTTP/1.1" 1849
[03/Apr/2023:14:29:49 -0400] ::1 TLSv1.3 TLS_AES_256_GCM_SHA384 "GET /favicon.ico HTTP/1.1" 30894
[03/Apr/2023:14:30:14 -0400] ::1 TLSv1.3 TLS_AES_256_GCM_SHA384 "GET /databaseDemo/ HTTP/1.1" 1849
[03/Apr/2023:14:30:14 -0400] ::1 TLSv1.3 TLS_AES_256_GCM_SHA384 "GET /favicon.ico HTTP/1.1" 30894
[03/Apr/2023:14:30:15 -0400] ::1 TLSv1.3 TLS_AES_256_GCM_SHA384 "GET /databaseDemo/tableOutput.php HTTP/1.1" 109
[03/Apr/2023:14:30:44 -0400] ::1 TLSv1.3 TLS_AES_256_GCM_SHA384 "GET /databaseDemo/tableOutput.php HTTP/1.1" 296
[03/Apr/2023:14:30:44 -0400] ::1 TLSv1.3 TLS_AES_256_GCM_SHA384 "GET /favicon.ico HTTP/1.1" 30894
[03/Apr/2023:14:30:46 -0400] ::1 TLSv1.3 TLS_AES_256_GCM_SHA384 "GET /databaseDemo/ HTTP/1.1" 1850
[03/Apr/2023:14:30:46 -0400] ::1 TLSv1.3 TLS_AES_256_GCM_SHA384 "GET /favicon.ico HTTP/1.1" 30894
[03/Apr/2023:14:30:47 -0400] ::1 TLSv1.3 TLS_AES_256_GCM_SHA384 "GET /databaseDemo/tableContent.php HTTP/1.1" 109
